==== SLURM ENVIRONMENT ====
SLURM_JOB_USER=gbillo
SLURM_TASKS_PER_NODE=1
SLURM_JOB_UID=1159400144
SLURM_TASK_PID=3776801
SLURM_LOCALID=0
SLURM_SUBMIT_DIR=/orfeo/cephfs/home/dssc/gbillo/RL_Project
SLURM_JOB_START_TIME=1753257642
SLURM_CLUSTER_NAME=orfeo
SLURM_JOB_END_TIME=1753264842
SLURM_CPUS_ON_NODE=128
SLURM_JOB_CPUS_PER_NODE=128
SLURM_GTIDS=0
SLURM_JOB_PARTITION=EPYC
SLURM_TRES_PER_TASK=cpu=128
SLURM_OOM_KILL_STEP=0
SLURM_JOB_NUM_NODES=1
SLURM_JOBID=191944
SLURM_JOB_QOS=normal
SLURM_PROCID=0
SLURM_CPUS_PER_TASK=128
SLURM_NTASKS=1
SLURM_TOPOLOGY_ADDR=epyc001
SLURM_TOPOLOGY_ADDR_PATTERN=node
SLURM_MEM_PER_NODE=262144
SLURM_NODELIST=epyc001
SLURM_JOB_ACCOUNT=dssc
SLURM_PRIO_PROCESS=0
SLURM_NPROCS=1
SLURM_NNODES=1
SLURM_SUBMIT_HOST=login01.hpc.rd.areasciencepark.it
SLURM_JOB_ID=191944
SLURM_NODEID=0
SLURM_CONF=/var/spool/slurm/d/conf-cache/slurm.conf
SLURM_JOB_NAME=reinforcement_learning
SLURM_JOB_GID=1159400144
SLURM_JOB_NODELIST=epyc001

==== CMD ====
python3 main.py train ppo
